Change Component Designator: Old Designator=3V3 New Designator=1
Change Component Designator: Old Designator=C1 New Designator=C2
Change Component Designator: Old Designator=C2 New Designator=C1
Change Component Designator: Old Designator=GND New Designator=GND1
Change Component Designator: Old Designator=I2C_SDA New Designator=I1
Change Component Designator: Old Designator=MAG_INT_TRIG New Designator=MAG_INT_TRIG1
Change Component Designator: Old Designator=R1 New Designator=R2
Change Component Designator: Old Designator=R2 New Designator=R1
Change Component Designator: Old Designator=R5 New Designator=R7
Change Component Designator: Old Designator=R7 New Designator=R9
Change Component Designator: Old Designator=R8 New Designator=R10
Change Component Designator: Old Designator=R9 New Designator=R11
Change Component Designator: Old Designator=R10 New Designator=R12
Change Component Designator: Old Designator=R11 New Designator=R13
Change Component Designator: Old Designator=R12 New Designator=R14
Change Component Designator: Old Designator=R13 New Designator=R17
Change Component Designator: Old Designator=R14 New Designator=R16
Change Component Designator: Old Designator=R15 New Designator=R19
Change Component Designator: Old Designator=R17 New Designator=R20
Change Component Designator: Old Designator=R18 New Designator=R22
Change Component Designator: Old Designator=R19 New Designator=R23
Change Component Designator: Old Designator=R20 New Designator=R21
Change Component Designator: Old Designator=R20 New Designator=R24
Change Component Designator: Old Designator=R? New Designator=R5
Change Component Designator: Old Designator=R? New Designator=R8
Change Component Designator: Old Designator=R? New Designator=R15
Change Component Designator: Old Designator=R? New Designator=R18
