Change Component Designator: Old Designator=3V3 New Designator=1
Change Component Designator: Old Designator=FLASH_CS New Designator=FLASH_CS1
Change Component Designator: Old Designator=GND New Designator=GND1
Change Component Designator: Old Designator=I2C_SDA New Designator=I1
Change Component Designator: Old Designator=IMU1_CS New Designator=IMU1
Change Component Designator: Old Designator=IMU1_INT1 New Designator=IMU4
Change Component Designator: Old Designator=IMU1_INT2 New Designator=IMU3
Change Component Designator: Old Designator=IMU2_CS New Designator=IMU2
Change Component Designator: Old Designator=IMU2_INT1 New Designator=IMU5
Change Component Designator: Old Designator=IMU2_INT2 New Designator=IMU6
Change Component Designator: Old Designator=MAG_INT New Designator=MAG_INT1
Change Component Designator: Old Designator=R3 New Designator=R10
Change Component Designator: Old Designator=R4 New Designator=R11
Change Component Designator: Old Designator=R5 New Designator=R15
Change Component Designator: Old Designator=R6 New Designator=R16
Change Component Designator: Old Designator=R7 New Designator=R17
Change Component Designator: Old Designator=R8 New Designator=R18
Change Component Designator: Old Designator=R9 New Designator=R19
Change Component Designator: Old Designator=R10 New Designator=R20
Change Component Designator: Old Designator=R? New Designator=R3
Change Component Designator: Old Designator=R? New Designator=R4
Change Component Designator: Old Designator=R? New Designator=R5
Change Component Designator: Old Designator=R? New Designator=R6
Change Component Designator: Old Designator=R? New Designator=R7
Change Component Designator: Old Designator=R? New Designator=R8
Change Component Designator: Old Designator=R? New Designator=R9
Change Component Designator: Old Designator=R? New Designator=R12
Change Component Designator: Old Designator=R? New Designator=R13
Change Component Designator: Old Designator=R? New Designator=R14
Change Component Designator: Old Designator=SPI1_CLK New Designator=SPI1
Change Component Designator: Old Designator=SPI1_MISO New Designator=SPI2
Change Component Designator: Old Designator=SPI1_MOSI New Designator=SPI3
Change Component Designator: Old Designator=SPI2_CLK New Designator=SPI4
Change Component Designator: Old Designator=SPI2_MISO New Designator=SPI5
Change Component Designator: Old Designator=SPI2_MOSI New Designator=SPI6
Change Component Designator: Old Designator=SPI3_CLK New Designator=SPI7
Change Component Designator: Old Designator=SPI3_MISO New Designator=SPI8
Change Component Designator: Old Designator=SPI3_MOSI New Designator=SPI9
Change Component Designator: Old Designator=XBEE_CS New Designator=XBEE_CS1
