Remove Pin=IC?-2 From Net=SPI2_MISO
Remove Pin=IC?-4 From Net=GND
Remove Pin=IC?-5 From Net=SPI2_MOSI
Remove Pin=IC?-9 From Net=GND
Remove Pin=J1-2 From Net=XBEE_PR
Remove Pin=J1-3 From Net=XBEE_PR
Remove Pin=J1-4 From Net=SPI3_MISO
Remove Pin=J1-5 From Net=XBEE_PR
Remove Pin=J1-6 From Net=XBEE_PR
Remove Pin=J1-7 From Net=XBEE_PR
Remove Pin=J1-8 From Net=XBEE_PR
Remove Pin=J1-9 From Net=XBEE_PR
Remove Pin=J1-10 From Net=GND
Remove Pin=J1-11 From Net=SPI3_MOSI
Remove Pin=J1-12 From Net=XBEE_PR
Remove Pin=J1-13 From Net=XBEE_PR
Remove Pin=J1-14 From Net=XBEE_PR
Remove Pin=J1-15 From Net=XBEE_PR
Remove Pin=J1-16 From Net=XBEE_PR
Remove Pin=J1-18 From Net=SPI3_CLK
Remove Pin=J1-19 From Net=SPI3_ATTN
Remove Pin=J1-20 From Net=XBEE_PR
Remove Pin=LED1-2 From Net=3v3
Remove Pin=R8-2 From Net=3v3
Remove Pin=TP1-1 From Net=3v3
Remove Pin=TP2-1 From Net=GND
Remove Pin=TP3-1 From Net=I2C_SDA
Remove Pin=TP4-1 From Net=MAG_INT
Remove Pin=TP5-1 From Net=SPI1_CLK
Remove Pin=TP6-1 From Net=SPI1_MISO
Remove Pin=TP7-1 From Net=SPI1_MOSI
Remove Pin=TP8-1 From Net=IMU1_CS
Remove Pin=TP9-1 From Net=IMU2_CS
Remove Pin=TP10-1 From Net=SPI2_CLK
Remove Pin=TP11-1 From Net=SPI2_MISO
Remove Pin=TP12-1 From Net=SPI2_MOSI
Remove Pin=TP13-1 From Net=FLASH_CS
Remove Pin=TP14-1 From Net=SPI3_CLK
Remove Pin=TP15-1 From Net=SPI3_MISO
Remove Pin=TP16-1 From Net=SPI3_MOSI
Remove Pin=TP17-1 From Net=XBEE_CS
Remove Pin=TP18-1 From Net=IMU1_INT2
Remove Pin=TP19-1 From Net=IMU1_INT1
Remove Pin=TP20-1 From Net=IMU2_INT1
Remove Pin=TP21-1 From Net=IMU2_INT2
