Removed Pin From Net: NetName=3v3 Pin=C13-2
Removed Pin From Net: NetName=3v3 Pin=C15-2
Removed Pin From Net: NetName=3v3 Pin=IC2-15
Removed Pin From Net: NetName=SPI1_MISO Pin=U2-1
Removed Pin From Net: NetName=SPI1_MOSI Pin=U2-14
Removed Pin From Net: NetName=SPI1_MISO Pin=U3-1
Removed Pin From Net: NetName=3v3 Pin=U3-5
Removed Pin From Net: NetName=3v3 Pin=U3-8
Removed Pin From Net: NetName=SPI1_MOSI Pin=U3-14
Removed Pin From Net: NetName=SPI1_MISO Pin=U4-1
Removed Pin From Net: NetName=3v3 Pin=U4-5
Removed Pin From Net: NetName=3v3 Pin=U4-8
Removed Pin From Net: NetName=SPI1_MOSI Pin=U4-14
Change Component Designator: OldDesignator=3V3 NewDesignator=1
Change Component Designator: OldDesignator=FLASH_CS NewDesignator=FLASH_CS1
Change Component Designator: OldDesignator=GND NewDesignator=GND1
Change Component Designator: OldDesignator=I2C_SDA NewDesignator=I1
Change Component Designator: OldDesignator=IMU1_CS NewDesignator=IMU1
Change Component Designator: OldDesignator=IMU1_INT1 NewDesignator=IMU4
Change Component Designator: OldDesignator=IMU1_INT2 NewDesignator=IMU3
Change Component Designator: OldDesignator=IMU2_CS NewDesignator=IMU2
Change Component Designator: OldDesignator=IMU2_INT1 NewDesignator=IMU5
Change Component Designator: OldDesignator=IMU2_INT2 NewDesignator=IMU6
Change Component Designator: OldDesignator=MAG_INT NewDesignator=MAG_INT1
Change Component Designator: OldDesignator=R3 NewDesignator=R10
Change Component Designator: OldDesignator=R4 NewDesignator=R11
Change Component Designator: OldDesignator=R5 NewDesignator=R15
Change Component Designator: OldDesignator=R6 NewDesignator=R16
Change Component Designator: OldDesignator=R7 NewDesignator=R17
Change Component Designator: OldDesignator=R8 NewDesignator=R18
Change Component Designator: OldDesignator=R9 NewDesignator=R19
Change Component Designator: OldDesignator=R10 NewDesignator=R20
Change Component Designator: OldDesignator=SPI1_CLK NewDesignator=SPI1
Change Component Designator: OldDesignator=SPI1_MISO NewDesignator=SPI2
Change Component Designator: OldDesignator=SPI1_MOSI NewDesignator=SPI3
Change Component Designator: OldDesignator=SPI2_CLK NewDesignator=SPI4
Change Component Designator: OldDesignator=SPI2_MISO NewDesignator=SPI5
Change Component Designator: OldDesignator=SPI2_MOSI NewDesignator=SPI6
Change Component Designator: OldDesignator=SPI3_CLK NewDesignator=SPI7
Change Component Designator: OldDesignator=SPI3_MISO NewDesignator=SPI8
Change Component Designator: OldDesignator=SPI3_MOSI NewDesignator=SPI9
Change Component Designator: OldDesignator=XBEE_CS NewDesignator=XBEE_CS1
Added Component: Designator=R3(RESC1005X40X25NL05T10)
Add component (AddParameter): Name = "Manufacturer"; Value = "Yageo / Phycomp"; VariantName = "[No Variations]"
Add component (AddParameter): Name = "Part Number"; Value = "RC0402JR-070RL"; VariantName = "[No Variations]"
Added Component: Designator=R4(RESC1005X40X25NL05T10)
Add component (AddParameter): Name = "Manufacturer"; Value = "Yageo / Phycomp"; VariantName = "[No Variations]"
Add component (AddParameter): Name = "Part Number"; Value = "RC0402JR-070RL"; VariantName = "[No Variations]"
Added Component: Designator=R5(RESC1005X40X25NL05T10)
Add component (AddParameter): Name = "Manufacturer"; Value = "Yageo / Phycomp"; VariantName = "[No Variations]"
Add component (AddParameter): Name = "Part Number"; Value = "RC0402JR-070RL"; VariantName = "[No Variations]"
Added Component: Designator=R6(RESC1005X40X25NL05T10)
Add component (AddParameter): Name = "Manufacturer"; Value = "Yageo / Phycomp"; VariantName = "[No Variations]"
Add component (AddParameter): Name = "Part Number"; Value = "RC0402JR-070RL"; VariantName = "[No Variations]"
Added Component: Designator=R7(RESC1005X40X25NL05T10)
Add component (AddParameter): Name = "Manufacturer"; Value = "Yageo / Phycomp"; VariantName = "[No Variations]"
Add component (AddParameter): Name = "Part Number"; Value = "RC0402JR-070RL"; VariantName = "[No Variations]"
Added Component: Designator=R8(RESC1005X40X25NL05T10)
Add component (AddParameter): Name = "Manufacturer"; Value = "Yageo / Phycomp"; VariantName = "[No Variations]"
Add component (AddParameter): Name = "Part Number"; Value = "RC0402JR-070RL"; VariantName = "[No Variations]"
Added Component: Designator=R9(RESC1005X40X25NL05T10)
Add component (AddParameter): Name = "Manufacturer"; Value = "Yageo / Phycomp"; VariantName = "[No Variations]"
Add component (AddParameter): Name = "Part Number"; Value = "RC0402JR-070RL"; VariantName = "[No Variations]"
Added Component: Designator=R12(RESC1005X40X25NL05T10)
Add component (AddParameter): Name = "Manufacturer"; Value = "Yageo / Phycomp"; VariantName = "[No Variations]"
Add component (AddParameter): Name = "Part Number"; Value = "RC0402JR-070RL"; VariantName = "[No Variations]"
Added Component: Designator=R13(RESC1005X40X25NL05T10)
Add component (AddParameter): Name = "Manufacturer"; Value = "Yageo / Phycomp"; VariantName = "[No Variations]"
Add component (AddParameter): Name = "Part Number"; Value = "RC0402JR-070RL"; VariantName = "[No Variations]"
Added Component: Designator=R14(RESC1005X40X25NL05T10)
Add component (AddParameter): Name = "Manufacturer"; Value = "Yageo / Phycomp"; VariantName = "[No Variations]"
Add component (AddParameter): Name = "Part Number"; Value = "RC0402JR-070RL"; VariantName = "[No Variations]"
Added Pin To Net: NetName=3v3 Pin=R3-1
Added Pin To Net: NetName=NetC12_2 Pin=R4-2
Added Pin To Net: NetName=NetC13_2 Pin=C13-2
Added Pin To Net: NetName=NetC13_2 Pin=R7-2
Added Pin To Net: NetName=NetC13_2 Pin=U3-5
Added Pin To Net: NetName=NetC13_2 Pin=U3-8
Added Net: Name=NetC13_2
Added Pin To Net: NetName=NetC15_2 Pin=C15-2
Added Pin To Net: NetName=NetC15_2 Pin=R12-2
Added Pin To Net: NetName=NetC15_2 Pin=U4-5
Added Pin To Net: NetName=NetC15_2 Pin=U4-8
Added Net: Name=NetC15_2
Added Pin To Net: NetName=NetIC2_15 Pin=IC2-15
Added Pin To Net: NetName=NetIC2_15 Pin=R3-2
Added Net: Name=NetIC2_15
Added Pin To Net: NetName=NetR5_1 Pin=R5-1
Added Pin To Net: NetName=NetR5_1 Pin=U2-14
Added Net: Name=NetR5_1
Added Pin To Net: NetName=NetR6_2 Pin=R6-2
Added Pin To Net: NetName=NetR6_2 Pin=U2-1
Added Net: Name=NetR6_2
Added Pin To Net: NetName=NetR8_1 Pin=R8-1
Added Pin To Net: NetName=NetR8_1 Pin=U3-14
Added Net: Name=NetR8_1
Added Pin To Net: NetName=NetR9_2 Pin=R9-2
Added Pin To Net: NetName=NetR9_2 Pin=U3-1
Added Net: Name=NetR9_2
Added Pin To Net: NetName=NetR13_1 Pin=R13-1
Added Pin To Net: NetName=NetR13_1 Pin=U4-14
Added Net: Name=NetR13_1
Added Pin To Net: NetName=NetR14_2 Pin=R14-2
Added Pin To Net: NetName=NetR14_2 Pin=U4-1
Added Net: Name=NetR14_2
Added Member To Class: ClassName=FootBoard Member=Component FLASH_CS1 5003
Added Member To Class: ClassName=FootBoard Member=Component IMU3 5003
Added Member To Class: ClassName=FootBoard Member=Component R11 30k - 0603
Added Member To Class: ClassName=FootBoard Member=Component R12 0 0402
Added Member To Class: ClassName=FootBoard Member=Component R13 0 0402
Added Member To Class: ClassName=FootBoard Member=Component R14 0 0402
Added Member To Class: ClassName=FootBoard Member=Component R15 10k - 0603
Added Member To Class: ClassName=FootBoard Member=Component R16 10k - 0603
Added Member To Class: ClassName=FootBoard Member=Component R17 30k - 0603
Added Member To Class: ClassName=FootBoard Member=Component R18 MCR03ERTF1002
Added Member To Class: ClassName=FootBoard Member=Component R19 10k - 0603
Added Member To Class: ClassName=FootBoard Member=Component R20 220 Ohms - 0402
Added Member To Class: ClassName=FootBoard Member=Component SPI5 5003
Added Member To Class: ClassName=FootBoard Member=Component SPI6 5003
Added Member To Class: ClassName=FootBoard Member=Component SPI7 5003
Added Member To Class: ClassName=FootBoard Member=Component SPI9 5003
Added Member To Class: ClassName=FootBoard Member=Component XBEE_CS1 5003
Added Room: Name=FootBoard
