Add Component: Footprint Not Found CAPC1608X90X40NL10T20
Added Component: Designator=IC3(SON127P800X600X80-9N-D)
Add component (AddParameter): Name = "Arrow Part Number"; Value = "W25N01GVZEIG TR"; VariantName = "[No Variations]"
Add component (AddParameter): Name = "Arrow Price/Stock"; Value = "https://www.arrow.com/en/products/w25n01gvzeigtr/winbond-electronics?region=nac"; VariantName = "[No Variations]"
Add component (AddParameter): Name = "Datasheet Link"; Value = "https://www.winbond.com/resource-files/w25n01gv revg 032116.pdf"; VariantName = "[No Variations]"
Add component (AddParameter): Name = "Height"; Value = "0.8mm"; VariantName = "[No Variations]"
Add component (AddParameter): Name = "Manufacturer_Name"; Value = "Winbond"; VariantName = "[No Variations]"
Add component (AddParameter): Name = "Manufacturer_Part_Number"; Value = "W25N01GVZEIG TR"; VariantName = "[No Variations]"
Add component (AddParameter): Name = "Mouser Part Number"; Value = "454-W25N01GVZEIGTR"; VariantName = "[No Variations]"
Add component (AddParameter): Name = "Mouser Price/Stock"; Value = "https://www.mouser.co.uk/ProductDetail/Winbond/W25N01GVZEIG-TR?qs=qSfuJ%252Bfl%2Fd6niBi0Qz1MPg%3D%3D"; VariantName = "[No Variations]"
Add Component: Footprint Not Found XB24CDMPIT001
Add Component: Footprint Not Found 155060BS75300
Add Component: Footprint Not Found RESC1608X55X25ML10T15
Add Component: Footprint Not Found ESWI-TL3342F160QG_V
Add Component: Footprint Not Found Testpoint
Add Component: Footprint Not Found Testpoint
Add Component: Footprint Not Found Testpoint
Add Component: Footprint Not Found Testpoint
Add Component: Footprint Not Found Testpoint
Add Component: Footprint Not Found Testpoint
Add Component: Footprint Not Found Testpoint
Add Component: Footprint Not Found Testpoint
Add Component: Footprint Not Found Testpoint
Add Component: Footprint Not Found Testpoint
Add Component: Footprint Not Found Testpoint
Add Component: Footprint Not Found Testpoint
Add Component: Footprint Not Found Testpoint
Add Component: Footprint Not Found Testpoint
Add Component: Footprint Not Found Testpoint
Add Component: Footprint Not Found Testpoint
Add Component: Footprint Not Found Testpoint
Add Component: Footprint Not Found Testpoint
Add Component: Footprint Not Found Testpoint
Add Component: Footprint Not Found Testpoint
Add Component: Footprint Not Found Testpoint
Add Pin To Net: Unknown Pin: Pin C16-1
Add Pin To Net: Unknown Pin: Pin C16-2
Added Pin To Net: NetName=FLASH_CS Pin=IC3-1
Added Pin To Net: NetName=SPI2_MISO Pin=IC3-2
Added Pin To Net: NetName=SPI2_CLK Pin=IC3-3
Added Pin To Net: NetName=GND Pin=IC3-4
Added Pin To Net: NetName=SPI2_MOSI Pin=IC3-5
Added Pin To Net: NetName=SPI2_CLK Pin=IC3-6
Added Pin To Net: NetName=NetIC3_7 Pin=IC3-7
Added Pin To Net: NetName=3v3 Pin=IC3-8
Added Pin To Net: NetName=GND Pin=IC3-9
Add Pin To Net: Unknown Pin: Pin J1-1
Add Pin To Net: Unknown Pin: Pin J1-2
Add Pin To Net: Unknown Pin: Pin J1-3
Add Pin To Net: Unknown Pin: Pin J1-4
Add Pin To Net: Unknown Pin: Pin J1-5
Add Pin To Net: Unknown Pin: Pin J1-6
Add Pin To Net: Unknown Pin: Pin J1-7
Add Pin To Net: Unknown Pin: Pin J1-8
Add Pin To Net: Unknown Pin: Pin J1-9
Add Pin To Net: Unknown Pin: Pin J1-10
Add Pin To Net: Unknown Pin: Pin J1-11
Add Pin To Net: Unknown Pin: Pin J1-12
Add Pin To Net: Unknown Pin: Pin J1-13
Add Pin To Net: Unknown Pin: Pin J1-14
Add Pin To Net: Unknown Pin: Pin J1-15
Add Pin To Net: Unknown Pin: Pin J1-16
Add Pin To Net: Unknown Pin: Pin J1-17
Add Pin To Net: Unknown Pin: Pin J1-18
Add Pin To Net: Unknown Pin: Pin J1-19
Add Pin To Net: Unknown Pin: Pin J1-20
Add Pin To Net: Unknown Pin: Pin LED1-1
Add Pin To Net: Unknown Pin: Pin LED1-2
Added Pin To Net: NetName=SPI2_CLK Pin=R6-2
Add Pin To Net: Unknown Pin: Pin R8-1
Add Pin To Net: Unknown Pin: Pin R8-2
Add Pin To Net: Unknown Pin: Pin SW1-1
Add Pin To Net: Unknown Pin: Pin SW1-2
Add Pin To Net: Unknown Pin: Pin SW1-3
Add Pin To Net: Unknown Pin: Pin SW1-4
Add Pin To Net: Unknown Pin: Pin TP1-1
Add Pin To Net: Unknown Pin: Pin TP2-1
Add Pin To Net: Unknown Pin: Pin TP3-1
Add Pin To Net: Unknown Pin: Pin TP4-1
Add Pin To Net: Unknown Pin: Pin TP5-1
Add Pin To Net: Unknown Pin: Pin TP6-1
Add Pin To Net: Unknown Pin: Pin TP7-1
Add Pin To Net: Unknown Pin: Pin TP8-1
Add Pin To Net: Unknown Pin: Pin TP9-1
Add Pin To Net: Unknown Pin: Pin TP10-1
Add Pin To Net: Unknown Pin: Pin TP11-1
Add Pin To Net: Unknown Pin: Pin TP12-1
Add Pin To Net: Unknown Pin: Pin TP13-1
Add Pin To Net: Unknown Pin: Pin TP14-1
Add Pin To Net: Unknown Pin: Pin TP15-1
Add Pin To Net: Unknown Pin: Pin TP16-1
Add Pin To Net: Unknown Pin: Pin TP17-1
Add Pin To Net: Unknown Pin: Pin TP18-1
Add Pin To Net: Unknown Pin: Pin TP19-1
Add Pin To Net: Unknown Pin: Pin TP20-1
Add Pin To Net: Unknown Pin: Pin TP21-1
Added Member To Class: ClassName=FootBoard Member=Component C1 100nf
Added Member To Class: ClassName=FootBoard Member=Component C5 20pf
Added Member To Class: ClassName=FootBoard Member=Component C7 100nf
Added Member To Class: ClassName=FootBoard Member=Component C8 100nf
Added Member To Class: ClassName=FootBoard Member=Component C9 100nf
Added Member To Class: ClassName=FootBoard Member=Component C10 100nf
Added Member To Class: ClassName=FootBoard Member=Component C12 100nf
Add Class Member: Failed to add class member : Component C16 Capacitor 100 nF +/-10% 50 V 0603
Added Member To Class: ClassName=FootBoard Member=Component IC3 W25N01GVZEIG_TR
Add Class Member: Failed to add class member : Component J1
Add Class Member: Failed to add class member : Component LED1 Blue - 0603
Add Class Member: Failed to add class member : Component R8 Resistor 10k +/-1% 0603 100 mW
Add Class Member: Failed to add class member : Component SW1 TL3342F160QG
Add Class Member: Failed to add class member : Component TP1
Add Class Member: Failed to add class member : Component TP2
Add Class Member: Failed to add class member : Component TP3
Add Class Member: Failed to add class member : Component TP4
Add Class Member: Failed to add class member : Component TP5
Add Class Member: Failed to add class member : Component TP6
Add Class Member: Failed to add class member : Component TP7
Add Class Member: Failed to add class member : Component TP8
Add Class Member: Failed to add class member : Component TP9
Add Class Member: Failed to add class member : Component TP10
Add Class Member: Failed to add class member : Component TP11
Add Class Member: Failed to add class member : Component TP12
Add Class Member: Failed to add class member : Component TP13
Add Class Member: Failed to add class member : Component TP14
Add Class Member: Failed to add class member : Component TP15
Add Class Member: Failed to add class member : Component TP16
Add Class Member: Failed to add class member : Component TP17
Add Class Member: Failed to add class member : Component TP18
Add Class Member: Failed to add class member : Component TP19
Add Class Member: Failed to add class member : Component TP20
Add Class Member: Failed to add class member : Component TP21
Added Room: Name=FootBoard
