Change Component Designator: Old Designator=3V3 New Designator=1
Change Component Designator: Old Designator=C1 New Designator=C2
Change Component Designator: Old Designator=C2 New Designator=C1
Change Component Designator: Old Designator=GND New Designator=GND1
Change Component Designator: Old Designator=I2C_SDA New Designator=I1
Change Component Designator: Old Designator=IMU1_CS New Designator=IMU2
Change Component Designator: Old Designator=IMU1_INT1 New Designator=IMU4
Change Component Designator: Old Designator=IMU1_INT2 New Designator=IMU6
Change Component Designator: Old Designator=IMU2_CS New Designator=IMU3
Change Component Designator: Old Designator=IMU2_INT1 New Designator=IMU5
Change Component Designator: Old Designator=IMU2_INT2 New Designator=IMU1
Change Component Designator: Old Designator=R13 New Designator=R14
Change Component Designator: Old Designator=R14 New Designator=R13
Change Component Designator: Old Designator=R17 New Designator=R16
Change Component Designator: Old Designator=R20 New Designator=R17
Change Component Designator: Old Designator=SPI1_CLK New Designator=SPI8
Change Component Designator: Old Designator=SPI1_MISO New Designator=SPI1
Change Component Designator: Old Designator=SPI1_MOSI New Designator=SPI2
Change Component Designator: Old Designator=SPI2_CLK New Designator=SPI5
Change Component Designator: Old Designator=SPI2_MISO New Designator=SPI6
Change Component Designator: Old Designator=SPI2_MOSI New Designator=SPI7
Change Component Designator: Old Designator=SPI3_CLK New Designator=SPI9
Change Component Designator: Old Designator=SPI3_MISO New Designator=SPI4
Change Component Designator: Old Designator=SPI3_MOSI New Designator=SPI3
